<?xml version="1.0" encoding="UTF-8"?>
<!-- Generated by org.testng.reporters.JUnitReportReporter -->
<testsuite hostname="PIYAL-PC" failures="0" tests="1" name="com.crm.AutoDesk.LeadsTests.TC_02_CreatNewLeadsByFillAllTheFieldsAndSave" time="21.158" errors="0" timestamp="2021-09-13T09:14:11 IST" skipped="0">
  <testcase classname="com.crm.AutoDesk.LeadsTests.TC_02_CreatNewLeadsByFillAllTheFieldsAndSave" name="CreatNewLeadsByFillAllTheFieldsAndSave" time="21.158"/>
  <system-out/>
</testsuite> <!-- com.crm.AutoDesk.LeadsTests.TC_02_CreatNewLeadsByFillAllTheFieldsAndSave -->
