<?xml version="1.0" encoding="UTF-8"?>
<!-- Generated by org.testng.reporters.JUnitReportReporter -->
<testsuite hostname="PIYAL-PC" failures="0" tests="1" name="practice.RemoteExecution" time="17.888" errors="0" timestamp="2021-09-15T20:05:54 IST" skipped="0">
  <testcase classname="practice.RemoteExecution" name="remoteExecution" time="17.888"/>
  <system-out/>
</testsuite> <!-- practice.RemoteExecution -->
