<?xml version="1.0" encoding="UTF-8"?>
<!-- Generated by org.testng.reporters.JUnitReportReporter -->
<testsuite hostname="PIYAL-PC" failures="0" tests="1" name="practice.ReadFromXML" time="0.018" errors="0" timestamp="2021-09-15T23:22:17 IST" skipped="0">
  <testcase classname="practice.ReadFromXML" name="readDataFromXML" time="0.018"/>
  <system-out/>
</testsuite> <!-- practice.ReadFromXML -->
