<?xml version="1.0" encoding="UTF-8"?>
<!-- Generated by org.testng.reporters.JUnitReportReporter -->
<testsuite hostname="PIYAL-PC" failures="0" tests="1" name="com.crm.AutoDesk.LeadsTests.TC_01_NavigateToLeadPageTest" time="16.190" errors="0" timestamp="2021-09-17T14:46:34 IST" skipped="0">
  <testcase classname="com.crm.AutoDesk.LeadsTests.TC_01_NavigateToLeadPageTest" name="NavigateToLeadPageTest" time="16.190"/>
  <system-out/>
</testsuite> <!-- com.crm.AutoDesk.LeadsTests.TC_01_NavigateToLeadPageTest -->
