<?xml version="1.0" encoding="UTF-8"?>
<!-- Generated by org.testng.reporters.JUnitReportReporter -->
<testsuite hostname="PIYAL-PC" failures="0" tests="1" name="practice.RemoteExecution1" time="5.001" errors="0" timestamp="2021-09-15T20:13:12 IST" skipped="0">
  <testcase classname="practice.RemoteExecution1" name="remoteExecutionOnAWS" time="5.001"/>
  <system-out/>
</testsuite> <!-- practice.RemoteExecution1 -->
