<?xml version="1.0" encoding="UTF-8"?>
<!-- Generated by org.testng.reporters.JUnitReportReporter -->
<testsuite hostname="PIYAL-PC" failures="0" tests="1" name="com.crm.AutoDesk.LeadsTests.TC_03_CreatNewLeadByFillAllTheMandatoryFieldsAndSaveTest" time="15.165" errors="0" timestamp="2021-09-17T12:03:10 IST" skipped="0">
  <testcase classname="com.crm.AutoDesk.LeadsTests.TC_03_CreatNewLeadByFillAllTheMandatoryFieldsAndSaveTest" name="CreatNewLeadByFillAllTheMandatoryFieldsAndSave" time="15.165"/>
  <system-out/>
</testsuite> <!-- com.crm.AutoDesk.LeadsTests.TC_03_CreatNewLeadByFillAllTheMandatoryFieldsAndSaveTest -->
